<?xml version="1.0" encoding="UTF-8"?>
<!-- Generated by org.testng.reporters.JUnitXMLReporter -->
<testsuite ignored="0" hostname="DESKTOP-R4IOO2V" failures="1" tests="1" name="Test" time="44.934" errors="0" timestamp="2023-09-26T17:42:59 IST">
  <testcase classname="com.listener.Listenerstest" name="m1" time="0.011">
    <failure type="java.lang.ArrayIndexOutOfBoundsException">
      <![CDATA[java.lang.ArrayIndexOutOfBoundsException
at com.listener.Listenerstest.m1(Listenerstest.java:15)
at java.base/java.util.ArrayList.forEach(ArrayList.java:1511)
... Removed 27 stack frames]]>
    </failure>
  </testcase> <!-- m1 -->
</testsuite> <!-- Test -->
